<?xml version="1.0" encoding="UTF-8"?>
<testng-results ignored="0" total="1" passed="0" failed="1" skipped="0">
  <reporter-output>
  </reporter-output>
  <suite started-at="2021-05-15T15:48:35Z" name="Default suite" finished-at="2021-05-15T15:48:57Z" duration-ms="21726">
    <groups>
    </groups>
    <test started-at="2021-05-15T15:48:35Z" name="Default test" finished-at="2021-05-15T15:48:57Z" duration-ms="21726">
      <class name="com.qa.guru2.Tests.DashboardPageTest">
        <test-method is-config="true" signature="setUp()[pri:0, instance:com.qa.guru2.Tests.DashboardPageTest@247d8ae]" started-at="2021-05-15T15:48:35Z" name="setUp" finished-at="2021-05-15T15:48:45Z" duration-ms="10287" status="PASS">
          <reporter-output>
          </reporter-output>
        </test-method> <!-- setUp -->
        <test-method is-config="true" signature="bashboardSetup()[pri:0, instance:com.qa.guru2.Tests.DashboardPageTest@247d8ae]" started-at="2021-05-15T15:48:45Z" name="bashboardSetup" finished-at="2021-05-15T15:48:55Z" duration-ms="10014" status="PASS">
          <reporter-output>
          </reporter-output>
        </test-method> <!-- bashboardSetup -->
        <test-method signature="leftPanelLinksTextTest()[pri:0, instance:com.qa.guru2.Tests.DashboardPageTest@247d8ae]" started-at="2021-05-15T15:48:55Z" name="leftPanelLinksTextTest" finished-at="2021-05-15T15:48:56Z" duration-ms="525" status="FAIL">
          <exception class="java.lang.AssertionError">
            <message>
              <![CDATA[Lists differ at element [0]: ACCOUNT INFORMATION != ACCOUNT DASHBOARD expected [ACCOUNT INFORMATION] but found [ACCOUNT DASHBOARD]]]>
            </message>
            <full-stacktrace>
              <![CDATA[java.lang.AssertionError: Lists differ at element [0]: ACCOUNT INFORMATION != ACCOUNT DASHBOARD expected [ACCOUNT INFORMATION] but found [ACCOUNT DASHBOARD]
at org.testng.Assert.fail(Assert.java:96)
at org.testng.Assert.failNotEquals(Assert.java:776)
at org.testng.Assert.assertEqualsImpl(Assert.java:137)
at org.testng.Assert.assertEquals(Assert.java:831)
at org.testng.Assert.assertEquals(Assert.java:796)
at com.qa.guru2.Tests.DashboardPageTest.leftPanelLinksTextTest(DashboardPageTest.java:33)
at java.base/jdk.internal.reflect.NativeMethodAccessorImpl.invoke0(Native Method)
at java.base/jdk.internal.reflect.NativeMethodAccessorImpl.invoke(NativeMethodAccessorImpl.java:62)
at java.base/jdk.internal.reflect.DelegatingMethodAccessorImpl.invoke(DelegatingMethodAccessorImpl.java:43)
at java.base/java.lang.reflect.Method.invoke(Method.java:564)
at org.testng.internal.MethodInvocationHelper.invokeMethod(MethodInvocationHelper.java:124)
at org.testng.internal.Invoker.invokeMethod(Invoker.java:583)
at org.testng.internal.Invoker.invokeTestMethod(Invoker.java:719)
at org.testng.internal.Invoker.invokeTestMethods(Invoker.java:989)
at org.testng.internal.TestMethodWorker.invokeTestMethods(TestMethodWorker.java:125)
at org.testng.internal.TestMethodWorker.run(TestMethodWorker.java:109)
at org.testng.TestRunner.privateRun(TestRunner.java:648)
at org.testng.TestRunner.run(TestRunner.java:505)
at org.testng.SuiteRunner.runTest(SuiteRunner.java:455)
at org.testng.SuiteRunner.runSequentially(SuiteRunner.java:450)
at org.testng.SuiteRunner.privateRun(SuiteRunner.java:415)
at org.testng.SuiteRunner.run(SuiteRunner.java:364)
at org.testng.SuiteRunnerWorker.runSuite(SuiteRunnerWorker.java:52)
at org.testng.SuiteRunnerWorker.run(SuiteRunnerWorker.java:84)
at org.testng.TestNG.runSuitesSequentially(TestNG.java:1208)
at org.testng.TestNG.runSuitesLocally(TestNG.java:1137)
at org.testng.TestNG.runSuites(TestNG.java:1049)
at org.testng.TestNG.run(TestNG.java:1017)
at org.testng.remote.AbstractRemoteTestNG.run(AbstractRemoteTestNG.java:115)
at org.testng.remote.RemoteTestNG.initAndRun(RemoteTestNG.java:251)
at org.testng.remote.RemoteTestNG.main(RemoteTestNG.java:77)
]]>
            </full-stacktrace>
          </exception> <!-- java.lang.AssertionError -->
          <reporter-output>
          </reporter-output>
        </test-method> <!-- leftPanelLinksTextTest -->
        <test-method is-config="true" signature="tearDown()[pri:0, instance:com.qa.guru2.Tests.DashboardPageTest@247d8ae]" started-at="2021-05-15T15:48:56Z" name="tearDown" finished-at="2021-05-15T15:48:57Z" duration-ms="686" status="PASS">
          <reporter-output>
          </reporter-output>
        </test-method> <!-- tearDown -->
      </class> <!-- com.qa.guru2.Tests.DashboardPageTest -->
    </test> <!-- Default test -->
  </suite> <!-- Default suite -->
</testng-results>
